26.875293 -141222.468338
30.301317 -140956.734256
42.223891 -140940.234463
77.169483 -140921.726359
161.174057 -134926.595291
186.711950 -134773.742824
205.891585 -134729.057431
221.575757 -134708.795026
236.433163 -134696.039077
252.060828 -134688.441830
263.865715 -134683.301725
274.594323 -134680.397077
284.838021 -134679.689947
295.706875 -134679.428182
305.104641 -134679.294774
314.950901 -134679.175002
323.957357 -134677.846504
335.682946 -134677.011578
346.215278 -134676.992265
370.288208 -134646.541899
396.347977 -134643.783469
416.877753 -134643.497638
435.169470 -134643.325378
457.090103 -134643.325378
478.717920 -134643.325378
541.399347 -134639.152481
576.093778 -134635.746542
598.853571 -134635.448539
617.524558 -134635.448539
641.711815 -134635.448539
702.764663 -134635.448539
821.464568 -134635.448539
